<?xml version="1.0" encoding="UTF-8"?>
<testsuite xmlns:xsi="http://www.w3.org/2001/XMLSchema-instance" xsi:noNamespaceSchemaLocation="https://maven.apache.org/surefire/maven-surefire-plugin/xsd/surefire-test-report.xsd" name="TestSuite" time="23.589" tests="1" errors="0" skipped="0" failures="0">
  <properties>
    <property name="java.specification.version" value="14"/>
    <property name="testSuite" value="suite"/>
    <property name="sun.jnu.encoding" value="UTF-8"/>
    <property name="java.class.path" value="/Users/vinh.nguyen/Desktop/repositories/testproject/target/test-classes:/Users/vinh.nguyen/Desktop/repositories/testproject/target/classes:/Users/vinh.nguyen/.m2/repository/org/seleniumhq/selenium/selenium-java/3.141.59/selenium-java-3.141.59.jar:/Users/vinh.nguyen/.m2/repository/org/seleniumhq/selenium/selenium-api/3.141.59/selenium-api-3.141.59.jar:/Users/vinh.nguyen/.m2/repository/org/seleniumhq/selenium/selenium-chrome-driver/3.141.59/selenium-chrome-driver-3.141.59.jar:/Users/vinh.nguyen/.m2/repository/org/seleniumhq/selenium/selenium-edge-driver/3.141.59/selenium-edge-driver-3.141.59.jar:/Users/vinh.nguyen/.m2/repository/org/seleniumhq/selenium/selenium-firefox-driver/3.141.59/selenium-firefox-driver-3.141.59.jar:/Users/vinh.nguyen/.m2/repository/org/seleniumhq/selenium/selenium-ie-driver/3.141.59/selenium-ie-driver-3.141.59.jar:/Users/vinh.nguyen/.m2/repository/org/seleniumhq/selenium/selenium-opera-driver/3.141.59/selenium-opera-driver-3.141.59.jar:/Users/vinh.nguyen/.m2/repository/org/seleniumhq/selenium/selenium-remote-driver/3.141.59/selenium-remote-driver-3.141.59.jar:/Users/vinh.nguyen/.m2/repository/org/seleniumhq/selenium/selenium-safari-driver/3.141.59/selenium-safari-driver-3.141.59.jar:/Users/vinh.nguyen/.m2/repository/org/seleniumhq/selenium/selenium-support/3.141.59/selenium-support-3.141.59.jar:/Users/vinh.nguyen/.m2/repository/net/bytebuddy/byte-buddy/1.8.15/byte-buddy-1.8.15.jar:/Users/vinh.nguyen/.m2/repository/org/apache/commons/commons-exec/1.3/commons-exec-1.3.jar:/Users/vinh.nguyen/.m2/repository/com/squareup/okhttp3/okhttp/3.11.0/okhttp-3.11.0.jar:/Users/vinh.nguyen/.m2/repository/com/squareup/okio/okio/1.14.0/okio-1.14.0.jar:/Users/vinh.nguyen/.m2/repository/io/github/bonigarcia/webdrivermanager/3.7.1/webdrivermanager-3.7.1.jar:/Users/vinh.nguyen/.m2/repository/org/slf4j/slf4j-api/1.7.25/slf4j-api-1.7.25.jar:/Users/vinh.nguyen/.m2/repository/commons-io/commons-io/2.6/commons-io-2.6.jar:/Users/vinh.nguyen/.m2/repository/com/google/code/gson/gson/2.8.5/gson-2.8.5.jar:/Users/vinh.nguyen/.m2/repository/org/apache/commons/commons-lang3/3.8.1/commons-lang3-3.8.1.jar:/Users/vinh.nguyen/.m2/repository/org/apache/httpcomponents/httpclient/4.5.6/httpclient-4.5.6.jar:/Users/vinh.nguyen/.m2/repository/org/apache/httpcomponents/httpcore/4.4.10/httpcore-4.4.10.jar:/Users/vinh.nguyen/.m2/repository/commons-logging/commons-logging/1.2/commons-logging-1.2.jar:/Users/vinh.nguyen/.m2/repository/commons-codec/commons-codec/1.10/commons-codec-1.10.jar:/Users/vinh.nguyen/.m2/repository/org/rauschig/jarchivelib/1.0.0/jarchivelib-1.0.0.jar:/Users/vinh.nguyen/.m2/repository/org/apache/commons/commons-compress/1.18/commons-compress-1.18.jar:/Users/vinh.nguyen/.m2/repository/org/jsoup/jsoup/1.11.3/jsoup-1.11.3.jar:/Users/vinh.nguyen/.m2/repository/com/google/inject/guice/4.2.2/guice-4.2.2.jar:/Users/vinh.nguyen/.m2/repository/javax/inject/javax.inject/1/javax.inject-1.jar:/Users/vinh.nguyen/.m2/repository/aopalliance/aopalliance/1.0/aopalliance-1.0.jar:/Users/vinh.nguyen/.m2/repository/com/google/guava/guava/28.1-jre/guava-28.1-jre.jar:/Users/vinh.nguyen/.m2/repository/com/google/guava/failureaccess/1.0.1/failureaccess-1.0.1.jar:/Users/vinh.nguyen/.m2/repository/com/google/guava/listenablefuture/9999.0-empty-to-avoid-conflict-with-guava/listenablefuture-9999.0-empty-to-avoid-conflict-with-guava.jar:/Users/vinh.nguyen/.m2/repository/com/google/code/findbugs/jsr305/3.0.2/jsr305-3.0.2.jar:/Users/vinh.nguyen/.m2/repository/org/checkerframework/checker-qual/2.8.1/checker-qual-2.8.1.jar:/Users/vinh.nguyen/.m2/repository/com/google/errorprone/error_prone_annotations/2.3.2/error_prone_annotations-2.3.2.jar:/Users/vinh.nguyen/.m2/repository/com/google/j2objc/j2objc-annotations/1.3/j2objc-annotations-1.3.jar:/Users/vinh.nguyen/.m2/repository/org/codehaus/mojo/animal-sniffer-annotations/1.18/animal-sniffer-annotations-1.18.jar:/Users/vinh.nguyen/.m2/repository/ch/qos/logback/logback-classic/1.2.3/logback-classic-1.2.3.jar:/Users/vinh.nguyen/.m2/repository/ch/qos/logback/logback-core/1.2.3/logback-core-1.2.3.jar:/Users/vinh.nguyen/.m2/repository/io/testproject/java-sdk/0.64.4-RELEASE/java-sdk-0.64.4-RELEASE.jar:/Users/vinh.nguyen/.m2/repository/io/appium/java-client/7.3.0/java-client-7.3.0.jar:/Users/vinh.nguyen/.m2/repository/cglib/cglib/3.2.12/cglib-3.2.12.jar:/Users/vinh.nguyen/.m2/repository/org/ow2/asm/asm/7.1/asm-7.1.jar:/Users/vinh.nguyen/.m2/repository/commons-validator/commons-validator/1.6/commons-validator-1.6.jar:/Users/vinh.nguyen/.m2/repository/commons-beanutils/commons-beanutils/1.9.2/commons-beanutils-1.9.2.jar:/Users/vinh.nguyen/.m2/repository/commons-digester/commons-digester/1.8.1/commons-digester-1.8.1.jar:/Users/vinh.nguyen/.m2/repository/commons-collections/commons-collections/3.2.2/commons-collections-3.2.2.jar:/Users/vinh.nguyen/.m2/repository/org/springframework/spring-context/5.1.8.RELEASE/spring-context-5.1.8.RELEASE.jar:/Users/vinh.nguyen/.m2/repository/org/springframework/spring-aop/5.1.8.RELEASE/spring-aop-5.1.8.RELEASE.jar:/Users/vinh.nguyen/.m2/repository/org/springframework/spring-beans/5.1.8.RELEASE/spring-beans-5.1.8.RELEASE.jar:/Users/vinh.nguyen/.m2/repository/org/springframework/spring-core/5.1.8.RELEASE/spring-core-5.1.8.RELEASE.jar:/Users/vinh.nguyen/.m2/repository/org/springframework/spring-jcl/5.1.8.RELEASE/spring-jcl-5.1.8.RELEASE.jar:/Users/vinh.nguyen/.m2/repository/org/springframework/spring-expression/5.1.8.RELEASE/spring-expression-5.1.8.RELEASE.jar:/Users/vinh.nguyen/.m2/repository/org/aspectj/aspectjweaver/1.9.4/aspectjweaver-1.9.4.jar:/Users/vinh.nguyen/.m2/repository/org/junit/jupiter/junit-jupiter-api/5.5.1/junit-jupiter-api-5.5.1.jar:/Users/vinh.nguyen/.m2/repository/org/opentest4j/opentest4j/1.2.0/opentest4j-1.2.0.jar:/Users/vinh.nguyen/.m2/repository/org/junit/platform/junit-platform-commons/1.5.1/junit-platform-commons-1.5.1.jar:/Users/vinh.nguyen/.m2/repository/com/github/spotbugs/spotbugs-annotations/4.0.2/spotbugs-annotations-4.0.2.jar:/Users/vinh.nguyen/.m2/repository/org/apache/maven/maven-artifact/3.6.3/maven-artifact-3.6.3.jar:/Users/vinh.nguyen/.m2/repository/org/codehaus/plexus/plexus-utils/3.2.1/plexus-utils-3.2.1.jar:/Users/vinh.nguyen/.m2/repository/com/googlecode/json-simple/json-simple/1.1.1/json-simple-1.1.1.jar:/Users/vinh.nguyen/.m2/repository/junit/junit/4.10/junit-4.10.jar:/Users/vinh.nguyen/.m2/repository/com/testinium/deviceinformation/device-information/2.0/device-information-2.0.jar:/Users/vinh.nguyen/.m2/repository/org/json/json/20090211/json-20090211.jar:/Users/vinh.nguyen/.m2/repository/io/cucumber/cucumber-java/5.0.0-RC1/cucumber-java-5.0.0-RC1.jar:/Users/vinh.nguyen/.m2/repository/io/cucumber/cucumber-core/5.0.0-RC1/cucumber-core-5.0.0-RC1.jar:/Users/vinh.nguyen/.m2/repository/io/cucumber/gherkin/5.2.0/gherkin-5.2.0.jar:/Users/vinh.nguyen/.m2/repository/io/cucumber/gherkin-jvm-deps/1.0.6/gherkin-jvm-deps-1.0.6.jar:/Users/vinh.nguyen/.m2/repository/io/cucumber/tag-expressions/2.0.2/tag-expressions-2.0.2.jar:/Users/vinh.nguyen/.m2/repository/io/cucumber/cucumber-expressions/8.0.0/cucumber-expressions-8.0.0.jar:/Users/vinh.nguyen/.m2/repository/io/cucumber/datatable/3.0.0/datatable-3.0.0.jar:/Users/vinh.nguyen/.m2/repository/io/cucumber/datatable-dependencies/3.0.0/datatable-dependencies-3.0.0.jar:/Users/vinh.nguyen/.m2/repository/io/cucumber/cucumber-plugin/5.0.0-RC1/cucumber-plugin-5.0.0-RC1.jar:/Users/vinh.nguyen/.m2/repository/io/cucumber/docstring/5.0.0-RC1/docstring-5.0.0-RC1.jar:/Users/vinh.nguyen/.m2/repository/org/apiguardian/apiguardian-api/1.1.0/apiguardian-api-1.1.0.jar:/Users/vinh.nguyen/.m2/repository/io/rest-assured/rest-assured/4.1.2/rest-assured-4.1.2.jar:/Users/vinh.nguyen/.m2/repository/org/codehaus/groovy/groovy/2.5.8/groovy-2.5.8.jar:/Users/vinh.nguyen/.m2/repository/org/codehaus/groovy/groovy-xml/2.5.8/groovy-xml-2.5.8.jar:/Users/vinh.nguyen/.m2/repository/org/apache/httpcomponents/httpmime/4.5.3/httpmime-4.5.3.jar:/Users/vinh.nguyen/.m2/repository/org/hamcrest/hamcrest/2.1/hamcrest-2.1.jar:/Users/vinh.nguyen/.m2/repository/org/ccil/cowan/tagsoup/tagsoup/1.2.1/tagsoup-1.2.1.jar:/Users/vinh.nguyen/.m2/repository/io/rest-assured/json-path/4.1.2/json-path-4.1.2.jar:/Users/vinh.nguyen/.m2/repository/org/codehaus/groovy/groovy-json/2.5.8/groovy-json-2.5.8.jar:/Users/vinh.nguyen/.m2/repository/io/rest-assured/rest-assured-common/4.1.2/rest-assured-common-4.1.2.jar:/Users/vinh.nguyen/.m2/repository/io/rest-assured/xml-path/4.1.2/xml-path-4.1.2.jar:/Users/vinh.nguyen/.m2/repository/javax/xml/bind/jaxb-api/2.3.1/jaxb-api-2.3.1.jar:/Users/vinh.nguyen/.m2/repository/javax/activation/javax.activation-api/1.2.0/javax.activation-api-1.2.0.jar:/Users/vinh.nguyen/.m2/repository/com/sun/xml/bind/jaxb-osgi/2.3.0.1/jaxb-osgi-2.3.0.1.jar:/Users/vinh.nguyen/.m2/repository/org/apache/sling/org.apache.sling.javax.activation/0.1.0/org.apache.sling.javax.activation-0.1.0.jar:/Users/vinh.nguyen/.m2/repository/javax/activation/activation/1.1.1/activation-1.1.1.jar:/Users/vinh.nguyen/.m2/repository/org/testng/testng/7.0.0/testng-7.0.0.jar:/Users/vinh.nguyen/.m2/repository/com/beust/jcommander/1.72/jcommander-1.72.jar:/Users/vinh.nguyen/.m2/repository/org/awaitility/awaitility/4.0.1/awaitility-4.0.1.jar:/Users/vinh.nguyen/.m2/repository/com/aventstack/extentreports-testng-adapter/1.0.3/extentreports-testng-adapter-1.0.3.jar:/Users/vinh.nguyen/.m2/repository/com/aventstack/extentreports/4.0.6/extentreports-4.0.6.jar:/Users/vinh.nguyen/.m2/repository/org/freemarker/freemarker/2.3.23/freemarker-2.3.23.jar:/Users/vinh.nguyen/.m2/repository/org/mongodb/bson/3.3.0/bson-3.3.0.jar:/Users/vinh.nguyen/.m2/repository/org/mongodb/mongodb-driver/3.3.0/mongodb-driver-3.3.0.jar:/Users/vinh.nguyen/.m2/repository/org/mongodb/mongodb-driver-core/3.3.0/mongodb-driver-core-3.3.0.jar:/Users/vinh.nguyen/.m2/repository/com/fasterxml/jackson/dataformat/jackson-dataformat-yaml/2.9.9/jackson-dataformat-yaml-2.9.9.jar:/Users/vinh.nguyen/.m2/repository/org/yaml/snakeyaml/1.23/snakeyaml-1.23.jar:/Users/vinh.nguyen/.m2/repository/com/fasterxml/jackson/core/jackson-core/2.9.9/jackson-core-2.9.9.jar:/Users/vinh.nguyen/.m2/repository/com/fasterxml/jackson/core/jackson-databind/2.10.2/jackson-databind-2.10.2.jar:/Users/vinh.nguyen/.m2/repository/com/fasterxml/jackson/core/jackson-annotations/2.10.2/jackson-annotations-2.10.2.jar:/Users/vinh.nguyen/.m2/repository/org/assertj/assertj-core/3.11.1/assertj-core-3.11.1.jar:/Users/vinh.nguyen/.m2/repository/org/awaitility/awaitility-proxy/3.0.0/awaitility-proxy-3.0.0.jar:/Users/vinh.nguyen/.m2/repository/log4j/log4j/1.2.17/log4j-1.2.17.jar:/Users/vinh.nguyen/.m2/repository/org/apache/logging/log4j/log4j-api/2.10.0/log4j-api-2.10.0.jar:/Users/vinh.nguyen/.m2/repository/org/apache/logging/log4j/log4j-core/2.10.0/log4j-core-2.10.0.jar:/Users/vinh.nguyen/.m2/repository/com/jayway/restassured/json-schema-validator/2.8.0/json-schema-validator-2.8.0.jar:/Users/vinh.nguyen/.m2/repository/com/github/fge/json-schema-validator/2.2.6/json-schema-validator-2.2.6.jar:/Users/vinh.nguyen/.m2/repository/joda-time/joda-time/2.3/joda-time-2.3.jar:/Users/vinh.nguyen/.m2/repository/com/googlecode/libphonenumber/libphonenumber/6.2/libphonenumber-6.2.jar:/Users/vinh.nguyen/.m2/repository/com/github/fge/json-schema-core/1.2.5/json-schema-core-1.2.5.jar:/Users/vinh.nguyen/.m2/repository/com/github/fge/uri-template/0.9/uri-template-0.9.jar:/Users/vinh.nguyen/.m2/repository/com/github/fge/msg-simple/1.1/msg-simple-1.1.jar:/Users/vinh.nguyen/.m2/repository/com/github/fge/btf/1.2/btf-1.2.jar:/Users/vinh.nguyen/.m2/repository/com/github/fge/jackson-coreutils/1.8/jackson-coreutils-1.8.jar:/Users/vinh.nguyen/.m2/repository/org/mozilla/rhino/1.7R4/rhino-1.7R4.jar:/Users/vinh.nguyen/.m2/repository/javax/mail/mailapi/1.4.3/mailapi-1.4.3.jar:/Users/vinh.nguyen/.m2/repository/net/sf/jopt-simple/jopt-simple/4.6/jopt-simple-4.6.jar:/Users/vinh.nguyen/.m2/repository/org/hamcrest/hamcrest-core/1.3/hamcrest-core-1.3.jar:/Users/vinh.nguyen/.m2/repository/com/jayway/restassured/rest-assured/2.8.0/rest-assured-2.8.0.jar:/Users/vinh.nguyen/.m2/repository/org/hamcrest/hamcrest-library/1.3/hamcrest-library-1.3.jar:/Users/vinh.nguyen/.m2/repository/com/jayway/restassured/json-path/2.8.0/json-path-2.8.0.jar:/Users/vinh.nguyen/.m2/repository/com/jayway/restassured/rest-assured-common/2.8.0/rest-assured-common-2.8.0.jar:/Users/vinh.nguyen/.m2/repository/com/jayway/restassured/xml-path/2.8.0/xml-path-2.8.0.jar:/Users/vinh.nguyen/.m2/repository/org/apache/maven/surefire/surefire-testng-utils/2.21.0/surefire-testng-utils-2.21.0.jar:/Users/vinh.nguyen/.m2/repository/org/apache/maven/surefire/surefire-grouper/2.21.0/surefire-grouper-2.21.0.jar:"/>
    <property name="java.vm.vendor" value="Oracle Corporation"/>
    <property name="sun.arch.data.model" value="64"/>
    <property name="java.vendor.url" value="https://openjdk.java.net/"/>
    <property name="os.name" value="Mac OS X"/>
    <property name="java.vm.specification.version" value="14"/>
    <property name="sun.java.launcher" value="SUN_STANDARD"/>
    <property name="user.country" value="VN"/>
    <property name="sun.boot.library.path" value="/usr/local/Cellar/openjdk/14.0.1/libexec/openjdk.jdk/Contents/Home/lib"/>
    <property name="sun.java.command" value="/Users/vinh.nguyen/Desktop/repositories/testproject/target/surefire/surefirebooter5971377385844023261.jar /Users/vinh.nguyen/Desktop/repositories/testproject/target/surefire 2020-12-19T17-09-42_146-jvmRun1 surefire7129569024673049967tmp surefire_09862137581070915353tmp"/>
    <property name="jdk.debug" value="release"/>
    <property name="surefire.test.class.path" value="/Users/vinh.nguyen/Desktop/repositories/testproject/target/test-classes:/Users/vinh.nguyen/Desktop/repositories/testproject/target/classes:/Users/vinh.nguyen/.m2/repository/org/seleniumhq/selenium/selenium-java/3.141.59/selenium-java-3.141.59.jar:/Users/vinh.nguyen/.m2/repository/org/seleniumhq/selenium/selenium-api/3.141.59/selenium-api-3.141.59.jar:/Users/vinh.nguyen/.m2/repository/org/seleniumhq/selenium/selenium-chrome-driver/3.141.59/selenium-chrome-driver-3.141.59.jar:/Users/vinh.nguyen/.m2/repository/org/seleniumhq/selenium/selenium-edge-driver/3.141.59/selenium-edge-driver-3.141.59.jar:/Users/vinh.nguyen/.m2/repository/org/seleniumhq/selenium/selenium-firefox-driver/3.141.59/selenium-firefox-driver-3.141.59.jar:/Users/vinh.nguyen/.m2/repository/org/seleniumhq/selenium/selenium-ie-driver/3.141.59/selenium-ie-driver-3.141.59.jar:/Users/vinh.nguyen/.m2/repository/org/seleniumhq/selenium/selenium-opera-driver/3.141.59/selenium-opera-driver-3.141.59.jar:/Users/vinh.nguyen/.m2/repository/org/seleniumhq/selenium/selenium-remote-driver/3.141.59/selenium-remote-driver-3.141.59.jar:/Users/vinh.nguyen/.m2/repository/org/seleniumhq/selenium/selenium-safari-driver/3.141.59/selenium-safari-driver-3.141.59.jar:/Users/vinh.nguyen/.m2/repository/org/seleniumhq/selenium/selenium-support/3.141.59/selenium-support-3.141.59.jar:/Users/vinh.nguyen/.m2/repository/net/bytebuddy/byte-buddy/1.8.15/byte-buddy-1.8.15.jar:/Users/vinh.nguyen/.m2/repository/org/apache/commons/commons-exec/1.3/commons-exec-1.3.jar:/Users/vinh.nguyen/.m2/repository/com/squareup/okhttp3/okhttp/3.11.0/okhttp-3.11.0.jar:/Users/vinh.nguyen/.m2/repository/com/squareup/okio/okio/1.14.0/okio-1.14.0.jar:/Users/vinh.nguyen/.m2/repository/io/github/bonigarcia/webdrivermanager/3.7.1/webdrivermanager-3.7.1.jar:/Users/vinh.nguyen/.m2/repository/org/slf4j/slf4j-api/1.7.25/slf4j-api-1.7.25.jar:/Users/vinh.nguyen/.m2/repository/commons-io/commons-io/2.6/commons-io-2.6.jar:/Users/vinh.nguyen/.m2/repository/com/google/code/gson/gson/2.8.5/gson-2.8.5.jar:/Users/vinh.nguyen/.m2/repository/org/apache/commons/commons-lang3/3.8.1/commons-lang3-3.8.1.jar:/Users/vinh.nguyen/.m2/repository/org/apache/httpcomponents/httpclient/4.5.6/httpclient-4.5.6.jar:/Users/vinh.nguyen/.m2/repository/org/apache/httpcomponents/httpcore/4.4.10/httpcore-4.4.10.jar:/Users/vinh.nguyen/.m2/repository/commons-logging/commons-logging/1.2/commons-logging-1.2.jar:/Users/vinh.nguyen/.m2/repository/commons-codec/commons-codec/1.10/commons-codec-1.10.jar:/Users/vinh.nguyen/.m2/repository/org/rauschig/jarchivelib/1.0.0/jarchivelib-1.0.0.jar:/Users/vinh.nguyen/.m2/repository/org/apache/commons/commons-compress/1.18/commons-compress-1.18.jar:/Users/vinh.nguyen/.m2/repository/org/jsoup/jsoup/1.11.3/jsoup-1.11.3.jar:/Users/vinh.nguyen/.m2/repository/com/google/inject/guice/4.2.2/guice-4.2.2.jar:/Users/vinh.nguyen/.m2/repository/javax/inject/javax.inject/1/javax.inject-1.jar:/Users/vinh.nguyen/.m2/repository/aopalliance/aopalliance/1.0/aopalliance-1.0.jar:/Users/vinh.nguyen/.m2/repository/com/google/guava/guava/28.1-jre/guava-28.1-jre.jar:/Users/vinh.nguyen/.m2/repository/com/google/guava/failureaccess/1.0.1/failureaccess-1.0.1.jar:/Users/vinh.nguyen/.m2/repository/com/google/guava/listenablefuture/9999.0-empty-to-avoid-conflict-with-guava/listenablefuture-9999.0-empty-to-avoid-conflict-with-guava.jar:/Users/vinh.nguyen/.m2/repository/com/google/code/findbugs/jsr305/3.0.2/jsr305-3.0.2.jar:/Users/vinh.nguyen/.m2/repository/org/checkerframework/checker-qual/2.8.1/checker-qual-2.8.1.jar:/Users/vinh.nguyen/.m2/repository/com/google/errorprone/error_prone_annotations/2.3.2/error_prone_annotations-2.3.2.jar:/Users/vinh.nguyen/.m2/repository/com/google/j2objc/j2objc-annotations/1.3/j2objc-annotations-1.3.jar:/Users/vinh.nguyen/.m2/repository/org/codehaus/mojo/animal-sniffer-annotations/1.18/animal-sniffer-annotations-1.18.jar:/Users/vinh.nguyen/.m2/repository/ch/qos/logback/logback-classic/1.2.3/logback-classic-1.2.3.jar:/Users/vinh.nguyen/.m2/repository/ch/qos/logback/logback-core/1.2.3/logback-core-1.2.3.jar:/Users/vinh.nguyen/.m2/repository/io/testproject/java-sdk/0.64.4-RELEASE/java-sdk-0.64.4-RELEASE.jar:/Users/vinh.nguyen/.m2/repository/io/appium/java-client/7.3.0/java-client-7.3.0.jar:/Users/vinh.nguyen/.m2/repository/cglib/cglib/3.2.12/cglib-3.2.12.jar:/Users/vinh.nguyen/.m2/repository/org/ow2/asm/asm/7.1/asm-7.1.jar:/Users/vinh.nguyen/.m2/repository/commons-validator/commons-validator/1.6/commons-validator-1.6.jar:/Users/vinh.nguyen/.m2/repository/commons-beanutils/commons-beanutils/1.9.2/commons-beanutils-1.9.2.jar:/Users/vinh.nguyen/.m2/repository/commons-digester/commons-digester/1.8.1/commons-digester-1.8.1.jar:/Users/vinh.nguyen/.m2/repository/commons-collections/commons-collections/3.2.2/commons-collections-3.2.2.jar:/Users/vinh.nguyen/.m2/repository/org/springframework/spring-context/5.1.8.RELEASE/spring-context-5.1.8.RELEASE.jar:/Users/vinh.nguyen/.m2/repository/org/springframework/spring-aop/5.1.8.RELEASE/spring-aop-5.1.8.RELEASE.jar:/Users/vinh.nguyen/.m2/repository/org/springframework/spring-beans/5.1.8.RELEASE/spring-beans-5.1.8.RELEASE.jar:/Users/vinh.nguyen/.m2/repository/org/springframework/spring-core/5.1.8.RELEASE/spring-core-5.1.8.RELEASE.jar:/Users/vinh.nguyen/.m2/repository/org/springframework/spring-jcl/5.1.8.RELEASE/spring-jcl-5.1.8.RELEASE.jar:/Users/vinh.nguyen/.m2/repository/org/springframework/spring-expression/5.1.8.RELEASE/spring-expression-5.1.8.RELEASE.jar:/Users/vinh.nguyen/.m2/repository/org/aspectj/aspectjweaver/1.9.4/aspectjweaver-1.9.4.jar:/Users/vinh.nguyen/.m2/repository/org/junit/jupiter/junit-jupiter-api/5.5.1/junit-jupiter-api-5.5.1.jar:/Users/vinh.nguyen/.m2/repository/org/opentest4j/opentest4j/1.2.0/opentest4j-1.2.0.jar:/Users/vinh.nguyen/.m2/repository/org/junit/platform/junit-platform-commons/1.5.1/junit-platform-commons-1.5.1.jar:/Users/vinh.nguyen/.m2/repository/com/github/spotbugs/spotbugs-annotations/4.0.2/spotbugs-annotations-4.0.2.jar:/Users/vinh.nguyen/.m2/repository/org/apache/maven/maven-artifact/3.6.3/maven-artifact-3.6.3.jar:/Users/vinh.nguyen/.m2/repository/org/codehaus/plexus/plexus-utils/3.2.1/plexus-utils-3.2.1.jar:/Users/vinh.nguyen/.m2/repository/com/googlecode/json-simple/json-simple/1.1.1/json-simple-1.1.1.jar:/Users/vinh.nguyen/.m2/repository/junit/junit/4.10/junit-4.10.jar:/Users/vinh.nguyen/.m2/repository/com/testinium/deviceinformation/device-information/2.0/device-information-2.0.jar:/Users/vinh.nguyen/.m2/repository/org/json/json/20090211/json-20090211.jar:/Users/vinh.nguyen/.m2/repository/io/cucumber/cucumber-java/5.0.0-RC1/cucumber-java-5.0.0-RC1.jar:/Users/vinh.nguyen/.m2/repository/io/cucumber/cucumber-core/5.0.0-RC1/cucumber-core-5.0.0-RC1.jar:/Users/vinh.nguyen/.m2/repository/io/cucumber/gherkin/5.2.0/gherkin-5.2.0.jar:/Users/vinh.nguyen/.m2/repository/io/cucumber/gherkin-jvm-deps/1.0.6/gherkin-jvm-deps-1.0.6.jar:/Users/vinh.nguyen/.m2/repository/io/cucumber/tag-expressions/2.0.2/tag-expressions-2.0.2.jar:/Users/vinh.nguyen/.m2/repository/io/cucumber/cucumber-expressions/8.0.0/cucumber-expressions-8.0.0.jar:/Users/vinh.nguyen/.m2/repository/io/cucumber/datatable/3.0.0/datatable-3.0.0.jar:/Users/vinh.nguyen/.m2/repository/io/cucumber/datatable-dependencies/3.0.0/datatable-dependencies-3.0.0.jar:/Users/vinh.nguyen/.m2/repository/io/cucumber/cucumber-plugin/5.0.0-RC1/cucumber-plugin-5.0.0-RC1.jar:/Users/vinh.nguyen/.m2/repository/io/cucumber/docstring/5.0.0-RC1/docstring-5.0.0-RC1.jar:/Users/vinh.nguyen/.m2/repository/org/apiguardian/apiguardian-api/1.1.0/apiguardian-api-1.1.0.jar:/Users/vinh.nguyen/.m2/repository/io/rest-assured/rest-assured/4.1.2/rest-assured-4.1.2.jar:/Users/vinh.nguyen/.m2/repository/org/codehaus/groovy/groovy/2.5.8/groovy-2.5.8.jar:/Users/vinh.nguyen/.m2/repository/org/codehaus/groovy/groovy-xml/2.5.8/groovy-xml-2.5.8.jar:/Users/vinh.nguyen/.m2/repository/org/apache/httpcomponents/httpmime/4.5.3/httpmime-4.5.3.jar:/Users/vinh.nguyen/.m2/repository/org/hamcrest/hamcrest/2.1/hamcrest-2.1.jar:/Users/vinh.nguyen/.m2/repository/org/ccil/cowan/tagsoup/tagsoup/1.2.1/tagsoup-1.2.1.jar:/Users/vinh.nguyen/.m2/repository/io/rest-assured/json-path/4.1.2/json-path-4.1.2.jar:/Users/vinh.nguyen/.m2/repository/org/codehaus/groovy/groovy-json/2.5.8/groovy-json-2.5.8.jar:/Users/vinh.nguyen/.m2/repository/io/rest-assured/rest-assured-common/4.1.2/rest-assured-common-4.1.2.jar:/Users/vinh.nguyen/.m2/repository/io/rest-assured/xml-path/4.1.2/xml-path-4.1.2.jar:/Users/vinh.nguyen/.m2/repository/javax/xml/bind/jaxb-api/2.3.1/jaxb-api-2.3.1.jar:/Users/vinh.nguyen/.m2/repository/javax/activation/javax.activation-api/1.2.0/javax.activation-api-1.2.0.jar:/Users/vinh.nguyen/.m2/repository/com/sun/xml/bind/jaxb-osgi/2.3.0.1/jaxb-osgi-2.3.0.1.jar:/Users/vinh.nguyen/.m2/repository/org/apache/sling/org.apache.sling.javax.activation/0.1.0/org.apache.sling.javax.activation-0.1.0.jar:/Users/vinh.nguyen/.m2/repository/javax/activation/activation/1.1.1/activation-1.1.1.jar:/Users/vinh.nguyen/.m2/repository/org/testng/testng/7.0.0/testng-7.0.0.jar:/Users/vinh.nguyen/.m2/repository/com/beust/jcommander/1.72/jcommander-1.72.jar:/Users/vinh.nguyen/.m2/repository/org/awaitility/awaitility/4.0.1/awaitility-4.0.1.jar:/Users/vinh.nguyen/.m2/repository/com/aventstack/extentreports-testng-adapter/1.0.3/extentreports-testng-adapter-1.0.3.jar:/Users/vinh.nguyen/.m2/repository/com/aventstack/extentreports/4.0.6/extentreports-4.0.6.jar:/Users/vinh.nguyen/.m2/repository/org/freemarker/freemarker/2.3.23/freemarker-2.3.23.jar:/Users/vinh.nguyen/.m2/repository/org/mongodb/bson/3.3.0/bson-3.3.0.jar:/Users/vinh.nguyen/.m2/repository/org/mongodb/mongodb-driver/3.3.0/mongodb-driver-3.3.0.jar:/Users/vinh.nguyen/.m2/repository/org/mongodb/mongodb-driver-core/3.3.0/mongodb-driver-core-3.3.0.jar:/Users/vinh.nguyen/.m2/repository/com/fasterxml/jackson/dataformat/jackson-dataformat-yaml/2.9.9/jackson-dataformat-yaml-2.9.9.jar:/Users/vinh.nguyen/.m2/repository/org/yaml/snakeyaml/1.23/snakeyaml-1.23.jar:/Users/vinh.nguyen/.m2/repository/com/fasterxml/jackson/core/jackson-core/2.9.9/jackson-core-2.9.9.jar:/Users/vinh.nguyen/.m2/repository/com/fasterxml/jackson/core/jackson-databind/2.10.2/jackson-databind-2.10.2.jar:/Users/vinh.nguyen/.m2/repository/com/fasterxml/jackson/core/jackson-annotations/2.10.2/jackson-annotations-2.10.2.jar:/Users/vinh.nguyen/.m2/repository/org/assertj/assertj-core/3.11.1/assertj-core-3.11.1.jar:/Users/vinh.nguyen/.m2/repository/org/awaitility/awaitility-proxy/3.0.0/awaitility-proxy-3.0.0.jar:/Users/vinh.nguyen/.m2/repository/log4j/log4j/1.2.17/log4j-1.2.17.jar:/Users/vinh.nguyen/.m2/repository/org/apache/logging/log4j/log4j-api/2.10.0/log4j-api-2.10.0.jar:/Users/vinh.nguyen/.m2/repository/org/apache/logging/log4j/log4j-core/2.10.0/log4j-core-2.10.0.jar:/Users/vinh.nguyen/.m2/repository/com/jayway/restassured/json-schema-validator/2.8.0/json-schema-validator-2.8.0.jar:/Users/vinh.nguyen/.m2/repository/com/github/fge/json-schema-validator/2.2.6/json-schema-validator-2.2.6.jar:/Users/vinh.nguyen/.m2/repository/joda-time/joda-time/2.3/joda-time-2.3.jar:/Users/vinh.nguyen/.m2/repository/com/googlecode/libphonenumber/libphonenumber/6.2/libphonenumber-6.2.jar:/Users/vinh.nguyen/.m2/repository/com/github/fge/json-schema-core/1.2.5/json-schema-core-1.2.5.jar:/Users/vinh.nguyen/.m2/repository/com/github/fge/uri-template/0.9/uri-template-0.9.jar:/Users/vinh.nguyen/.m2/repository/com/github/fge/msg-simple/1.1/msg-simple-1.1.jar:/Users/vinh.nguyen/.m2/repository/com/github/fge/btf/1.2/btf-1.2.jar:/Users/vinh.nguyen/.m2/repository/com/github/fge/jackson-coreutils/1.8/jackson-coreutils-1.8.jar:/Users/vinh.nguyen/.m2/repository/org/mozilla/rhino/1.7R4/rhino-1.7R4.jar:/Users/vinh.nguyen/.m2/repository/javax/mail/mailapi/1.4.3/mailapi-1.4.3.jar:/Users/vinh.nguyen/.m2/repository/net/sf/jopt-simple/jopt-simple/4.6/jopt-simple-4.6.jar:/Users/vinh.nguyen/.m2/repository/org/hamcrest/hamcrest-core/1.3/hamcrest-core-1.3.jar:/Users/vinh.nguyen/.m2/repository/com/jayway/restassured/rest-assured/2.8.0/rest-assured-2.8.0.jar:/Users/vinh.nguyen/.m2/repository/org/hamcrest/hamcrest-library/1.3/hamcrest-library-1.3.jar:/Users/vinh.nguyen/.m2/repository/com/jayway/restassured/json-path/2.8.0/json-path-2.8.0.jar:/Users/vinh.nguyen/.m2/repository/com/jayway/restassured/rest-assured-common/2.8.0/rest-assured-common-2.8.0.jar:/Users/vinh.nguyen/.m2/repository/com/jayway/restassured/xml-path/2.8.0/xml-path-2.8.0.jar:/Users/vinh.nguyen/.m2/repository/org/apache/maven/surefire/surefire-testng-utils/2.21.0/surefire-testng-utils-2.21.0.jar:/Users/vinh.nguyen/.m2/repository/org/apache/maven/surefire/surefire-grouper/2.21.0/surefire-grouper-2.21.0.jar:"/>
    <property name="sun.cpu.endian" value="little"/>
    <property name="user.home" value="/Users/vinh.nguyen"/>
    <property name="user.language" value="en"/>
    <property name="java.specification.vendor" value="Oracle Corporation"/>
    <property name="java.version.date" value="2020-04-14"/>
    <property name="java.home" value="/usr/local/Cellar/openjdk/14.0.1/libexec/openjdk.jdk/Contents/Home"/>
    <property name="file.separator" value="/"/>
    <property name="basedir" value="/Users/vinh.nguyen/Desktop/repositories/testproject"/>
    <property name="java.vm.compressedOopsMode" value="Zero based"/>
    <property name="line.separator" value="&#10;"/>
    <property name="java.vm.specification.vendor" value="Oracle Corporation"/>
    <property name="java.specification.name" value="Java Platform API Specification"/>
    <property name="surefire.real.class.path" value="/Users/vinh.nguyen/Desktop/repositories/testproject/target/surefire/surefirebooter5971377385844023261.jar"/>
    <property name="sun.management.compiler" value="HotSpot 64-Bit Tiered Compilers"/>
    <property name="java.runtime.version" value="14.0.1+14"/>
    <property name="user.name" value="vinh.nguyen"/>
    <property name="path.separator" value=":"/>
    <property name="os.version" value="10.16"/>
    <property name="java.runtime.name" value="OpenJDK Runtime Environment"/>
    <property name="file.encoding" value="UTF-8"/>
    <property name="java.vm.name" value="OpenJDK 64-Bit Server VM"/>
    <property name="localRepository" value="/Users/vinh.nguyen/.m2/repository"/>
    <property name="java.vendor.url.bug" value="https://bugreport.java.com/bugreport/"/>
    <property name="java.io.tmpdir" value="/var/folders/rb/ybnxsjfj1n1dntzprg73z2fn1gsfqq/T/"/>
    <property name="java.version" value="14.0.1"/>
    <property name="user.dir" value="/Users/vinh.nguyen/Desktop/repositories/testproject"/>
    <property name="os.arch" value="x86_64"/>
    <property name="java.vm.specification.name" value="Java Virtual Machine Specification"/>
    <property name="java.library.path" value="/Users/vinh.nguyen/Library/Java/Extensions:/Library/Java/Extensions:/Network/Library/Java/Extensions:/System/Library/Java/Extensions:/usr/lib/java:."/>
    <property name="java.vm.info" value="mixed mode, sharing"/>
    <property name="java.vendor" value="N/A"/>
    <property name="java.vm.version" value="14.0.1+14"/>
    <property name="sun.io.unicode.encoding" value="UnicodeBig"/>
    <property name="java.class.version" value="58.0"/>
  </properties>
  <testcase name="sample" classname="com.vinh.tests.SampleTest" time="5.875"/>
</testsuite>