<?xml version="1.0" encoding="UTF-8"?>
<!-- Generated by org.testng.reporters.JUnitReportReporter -->
<testsuite hostname="vinh-nguyen.local" failures="0" tests="1" name="com.vinh.tests.SampleTest" time="5.873" errors="0" timestamp="2020-12-19T17:10:06 ICT" skipped="0">
  <testcase classname="com.vinh.tests.SampleTest" name="sample" time="5.873"/>
</testsuite> <!-- com.vinh.tests.SampleTest -->
